Using pre-set license
Built from '2020.3/release' branch; Version is '2020.3.2f1 (8fd9074bf66c) revision 9427207'; Using compiler version '192528614'; Build Type 'Release'
OS: 'Windows 10 Home; OS build 22000.376; Version 2009; 64bit' Language: 'fi' Physical Memory: 32667 MB
BatchMode: 1, IsHumanControllingUs: 0, StartBugReporterOnCrash: 0, Is64bit: 1, IsPro: 0

 COMMAND LINE ARGUMENTS:
C:\Program Files\Unity\Hub\Editor\2020.3.2f1\Editor\Unity.exe
-adb2
-batchMode
-noUpm
-name
AssetImportWorker0
-projectPath
C:/Users/mvann/Documents/_UNITY/GitHubTest
-logFile
Logs/AssetImportWorker0.log
-srvPort
51600
Successfully changed project path to: C:/Users/mvann/Documents/_UNITY/GitHubTest
C:/Users/mvann/Documents/_UNITY/GitHubTest
Using Asset Import Pipeline V2.
Refreshing native plugins compatible for Editor in 25.43 ms, found 0 plugins.
Preloading 0 native plugins for Editor in 0.00 ms.
Initialize engine version: 2020.3.2f1 (8fd9074bf66c)
[Subsystems] Discovering subsystems at path C:/Program Files/Unity/Hub/Editor/2020.3.2f1/Editor/Data/Resources/UnitySubsystems
[Subsystems] Discovering subsystems at path C:/Users/mvann/Documents/_UNITY/GitHubTest/Assets
GfxDevice: creating device client; threaded=0
Direct3D:
    Version:  Direct3D 11.0 [level 11.1]
    Renderer: NVIDIA GeForce GTX 1050 (ID=0x1c81)
    Vendor:   
    VRAM:     1977 MB
    Driver:   26.21.14.3107
Initialize mono
Mono path[0] = 'C:/Program Files/Unity/Hub/Editor/2020.3.2f1/Editor/Data/Managed'
Mono path[1] = 'C:/Program Files/Unity/Hub/Editor/2020.3.2f1/Editor/Data/MonoBleedingEdge/lib/mono/unityjit'
Mono config path = 'C:/Program Files/Unity/Hub/Editor/2020.3.2f1/Editor/Data/MonoBleedingEdge/etc'
Using monoOptions --debugger-agent=transport=dt_socket,embedding=1,server=y,suspend=n,address=127.0.0.1:56888
Begin MonoManager ReloadAssembly
Registering precompiled unity dll's ...
Register platform support module: C:/Program Files/Unity/Hub/Editor/2020.3.2f1/Editor/Data/PlaybackEngines/WebGLSupport/UnityEditor.WebGL.Extensions.dll
Register platform support module: C:/Program Files/Unity/Hub/Editor/2020.3.2f1/Editor/Data/PlaybackEngines/WindowsStandaloneSupport/UnityEditor.WindowsStandalone.Extensions.dll
Registered in 0.001925 seconds.
Native extension for WindowsStandalone target not found
Native extension for WebGL target not found
Refreshing native plugins compatible for Editor in 24.47 ms, found 0 plugins.
Preloading 0 native plugins for Editor in 0.00 ms.
Invoked RoslynAnalysisRunner static constructor.
RoslynAnalysisRunner will not be running.
RoslynAnalysisRunner has terminated.
Mono: successfully reloaded assembly
- Completed reload, in  1.211 seconds
Platform modules already initialized, skipping
Registering precompiled user dll's ...
Registered in 0.000688 seconds.
Begin MonoManager ReloadAssembly
Native extension for WindowsStandalone target not found
Native extension for WebGL target not found
Refreshing native plugins compatible for Editor in 0.19 ms, found 0 plugins.
Preloading 0 native plugins for Editor in 0.00 ms.
Invoked RoslynAnalysisRunner static constructor.
RoslynAnalysisRunner will not be running.
RoslynAnalysisRunner has terminated.
Mono: successfully reloaded assembly
- Completed reload, in  0.862 seconds
Platform modules already initialized, skipping
========================================================================
Worker process is ready to serve import requests
Launched and connected shader compiler UnityShaderCompiler.exe after 0.07 seconds
Refreshing native plugins compatible for Editor in 0.22 ms, found 0 plugins.
Preloading 0 native plugins for Editor in 0.00 ms.
Unloading 1115 Unused Serialized files (Serialized files now loaded: 0)
System memory in use before: 57.1 MB.
System memory in use after: 57.1 MB.

Unloading 10 unused Assets to reduce memory usage. Loaded Objects now: 1557.
Total: 1.695200 ms (FindLiveObjects: 0.191500 ms CreateObjectMapping: 0.042300 ms MarkObjects: 1.389800 ms  DeleteObjects: 0.070700 ms)

========================================================================
Received Import Request.
  path: Assets/Scenes
  artifactKey: Guid(b95df838d8b12ff4486c820f036b7ed3) Importer(815301076,1909f56bfc062723c751e8b465ee728b)
Start importing Assets/Scenes using Guid(b95df838d8b12ff4486c820f036b7ed3) Importer(815301076,1909f56bfc062723c751e8b465ee728b)  -> (artifact id: '120c5d4ab8e3099e2011cf5c4e3d7242') in 0.009137 seconds
  Import took 0.010887 seconds .

========================================================================
Received Import Request.
  Time since last request: 6.156574 seconds.
  path: Assets/Scenes/Test.unity
  artifactKey: Guid(becab625babf0124488eecabc16e41b0) Importer(815301076,1909f56bfc062723c751e8b465ee728b)
Start importing Assets/Scenes/Test.unity using Guid(becab625babf0124488eecabc16e41b0) Importer(815301076,1909f56bfc062723c751e8b465ee728b)  -> (artifact id: 'e5982111011c4faeec201c02e9ae26ee') in 0.026549 seconds
  Import took 0.028320 seconds .

========================================================================
Received Import Request.
  Time since last request: 45.341321 seconds.
  path: Assets
  artifactKey: Guid(00000000000000001000000000000000) Importer(815301076,1909f56bfc062723c751e8b465ee728b)
Start importing Assets using Guid(00000000000000001000000000000000) Importer(815301076,1909f56bfc062723c751e8b465ee728b)  -> (artifact id: '819a33a9bd799f71faca6db75e8a216c') in 0.010008 seconds
  Import took 0.011785 seconds .

========================================================================
Received Import Request.
  Time since last request: 9.114932 seconds.
  path: Assets/Materials
  artifactKey: Guid(f3ec22d5ad9dd054a8e1701bfa2c8a64) Importer(815301076,1909f56bfc062723c751e8b465ee728b)
Start importing Assets/Materials using Guid(f3ec22d5ad9dd054a8e1701bfa2c8a64) Importer(815301076,1909f56bfc062723c751e8b465ee728b)  -> (artifact id: 'dfa0b8080b466da2d18eac53838c5569') in 0.009867 seconds
  Import took 0.011663 seconds .

========================================================================
Received Import Request.
  Time since last request: 0.000801 seconds.
  path: Assets/Materials
  artifactKey: Guid(f3ec22d5ad9dd054a8e1701bfa2c8a64) Importer(815301076,1909f56bfc062723c751e8b465ee728b)
Start importing Assets/Materials using Guid(f3ec22d5ad9dd054a8e1701bfa2c8a64) Importer(815301076,1909f56bfc062723c751e8b465ee728b)  -> (artifact id: 'dfa0b8080b466da2d18eac53838c5569') in 0.003339 seconds
  Import took 0.005289 seconds .

========================================================================
Received Import Request.
  Time since last request: 14.363228 seconds.
  path: Assets/Materials/Red.mat
  artifactKey: Guid(036c6338db6fff645ab0a94a18ae9da9) Importer(815301076,1909f56bfc062723c751e8b465ee728b)
Start importing Assets/Materials/Red.mat using Guid(036c6338db6fff645ab0a94a18ae9da9) Importer(815301076,1909f56bfc062723c751e8b465ee728b)  -> (artifact id: '20e3977e8b1e905193cb143591b11b37') in 0.102806 seconds
  Import took 0.104745 seconds .

========================================================================
Received Import Request.
  Time since last request: 7.318232 seconds.
  path: Assets/Materials/Red.mat
  artifactKey: Guid(036c6338db6fff645ab0a94a18ae9da9) Importer(815301076,1909f56bfc062723c751e8b465ee728b)
Start importing Assets/Materials/Red.mat using Guid(036c6338db6fff645ab0a94a18ae9da9) Importer(815301076,1909f56bfc062723c751e8b465ee728b)  -> (artifact id: '11786ff1e21c9db88a4befb73af63882') in 0.014179 seconds
  Import took 0.016142 seconds .

========================================================================
Received Import Request.
  Time since last request: 14.461150 seconds.
  path: Assets/Materials/Blue.mat
  artifactKey: Guid(1ee556ea35bbac546934b6fff17f69c3) Importer(815301076,1909f56bfc062723c751e8b465ee728b)
Start importing Assets/Materials/Blue.mat using Guid(1ee556ea35bbac546934b6fff17f69c3) Importer(815301076,1909f56bfc062723c751e8b465ee728b)  -> (artifact id: 'cfbd91e9715e37a4b0a4a177fbe8c47e') in 0.014007 seconds
  Import took 0.016021 seconds .

========================================================================
Received Import Request.
  Time since last request: 44.762891 seconds.
  path: Assets/Materials/Green.mat
  artifactKey: Guid(3e42b9dd45338e54eb364df4f570a8e5) Importer(815301076,1909f56bfc062723c751e8b465ee728b)
Start importing Assets/Materials/Green.mat using Guid(3e42b9dd45338e54eb364df4f570a8e5) Importer(815301076,1909f56bfc062723c751e8b465ee728b)  -> (artifact id: '9b5a7049c2cff338400a70d0259c576a') in 0.014755 seconds
  Import took 0.016744 seconds .

========================================================================
Received Import Request.
  Time since last request: 684.205651 seconds.
  path: Assets/Materials/Brown.mat
  artifactKey: Guid(7fc965736b14a274fbd2d9bc70999ec3) Importer(815301076,1909f56bfc062723c751e8b465ee728b)
Start importing Assets/Materials/Brown.mat using Guid(7fc965736b14a274fbd2d9bc70999ec3) Importer(815301076,1909f56bfc062723c751e8b465ee728b)  -> (artifact id: 'cef3572138de73c0c6ac124d9560f9b5') in 0.020535 seconds
  Import took 0.022745 seconds .

========================================================================
Received Import Request.
  Time since last request: 140.537726 seconds.
  path: Assets/Materials/Brown.mat
  artifactKey: Guid(7fc965736b14a274fbd2d9bc70999ec3) Importer(815301076,1909f56bfc062723c751e8b465ee728b)
Start importing Assets/Materials/Brown.mat using Guid(7fc965736b14a274fbd2d9bc70999ec3) Importer(815301076,1909f56bfc062723c751e8b465ee728b)  -> (artifact id: '3ab03ae0a9bc3e3c4d8024a9f5c3604f') in 0.013201 seconds
  Import took 0.015251 seconds .

AssetImportWorkerClient::OnTransportError - code=2 error=End of file
